<?xml version="1.0" encoding="UTF-8"?>
<testng-results skipped="0" failed="0" ignored="0" total="1" passed="1">
  <reporter-output>
  </reporter-output>
  <suite name="Default suite" duration-ms="1714" started-at="2018-11-14T19:24:10Z" finished-at="2018-11-14T19:24:12Z">
    <groups>
    </groups>
    <test name="Default test" duration-ms="1714" started-at="2018-11-14T19:24:10Z" finished-at="2018-11-14T19:24:12Z">
      <class name="com.Mainspring.Tests.HomePageTest">
        <test-method status="PASS" signature="ExtentReportManager()[pri:0, instance:com.Mainspring.Tests.HomePageTest@7d9d1a19]" name="ExtentReportManager" duration-ms="1656" started-at="2018-11-15T00:54:10Z" finished-at="2018-11-15T00:54:12Z">
          <reporter-output>
          </reporter-output>
        </test-method> <!-- ExtentReportManager -->
      </class> <!-- com.Mainspring.Tests.HomePageTest -->
    </test> <!-- Default test -->
  </suite> <!-- Default suite -->
</testng-results>
