<?xml version="1.0" encoding="UTF-8"?>
<testng-results skipped="0" failed="0" ignored="0" total="1" passed="1">
  <reporter-output>
  </reporter-output>
  <suite name="Default suite" duration-ms="8703" started-at="2018-10-30T12:38:08Z" finished-at="2018-10-30T12:38:17Z">
    <groups>
    </groups>
    <test name="Default test" duration-ms="8703" started-at="2018-10-30T12:38:08Z" finished-at="2018-10-30T12:38:17Z">
      <class name="com.Mainspring.Utilities.DriverSet">
        <test-method status="PASS" signature="openBrowser()[pri:0, instance:com.Mainspring.Utilities.DriverSet@4116aac9]" name="openBrowser" duration-ms="8661" started-at="2018-10-30T12:38:08Z" finished-at="2018-10-30T12:38:17Z">
          <reporter-output>
          </reporter-output>
        </test-method> <!-- openBrowser -->
      </class> <!-- com.Mainspring.Utilities.DriverSet -->
    </test> <!-- Default test -->
  </suite> <!-- Default suite -->
</testng-results>
